0 info it worked if it ends with ok
1 verbose cli [ '/usr/local/bin/node',
1 verbose cli   '/usr/local/bin/npm',
1 verbose cli   'install',
1 verbose cli   'grunt' ]
2 info using npm@3.10.9
3 info using node@v7.2.0
4 silly loadCurrentTree Starting
5 silly install loadCurrentTree
6 silly install readLocalPackageData
7 silly fetchPackageMetaData grunt@1.0.1
8 silly fetchNamedPackageData grunt
9 silly mapToRegistry name grunt
10 silly mapToRegistry using default registry
11 silly mapToRegistry registry https://registry.npmjs.org/
12 silly mapToRegistry data Result {
12 silly mapToRegistry   raw: 'grunt',
12 silly mapToRegistry   scope: null,
12 silly mapToRegistry   escapedName: 'grunt',
12 silly mapToRegistry   name: 'grunt',
12 silly mapToRegistry   rawSpec: '',
12 silly mapToRegistry   spec: 'latest',
12 silly mapToRegistry   type: 'tag' }
13 silly mapToRegistry uri https://registry.npmjs.org/grunt
14 verbose request uri https://registry.npmjs.org/grunt
15 verbose request no auth needed
16 info attempt registry request try #1 at 8:38:25 PM
17 verbose request id e878c70789101490
18 verbose etag W/"58555f2f-1883c"
19 verbose lastModified Sat, 17 Dec 2016 15:52:15 GMT
20 http request GET https://registry.npmjs.org/grunt
21 http 200 https://registry.npmjs.org/grunt
22 verbose headers { server: 'nginx/1.10.1',
22 verbose headers   'content-type': 'application/json',
22 verbose headers   'last-modified': 'Sat, 17 Jun 2017 20:40:41 GMT',
22 verbose headers   etag: 'W/"594593c9-18b73"',
22 verbose headers   'content-encoding': 'gzip',
22 verbose headers   'cache-control': 'max-age=300',
22 verbose headers   'content-length': '11287',
22 verbose headers   'accept-ranges': 'bytes',
22 verbose headers   date: 'Wed, 21 Jun 2017 20:38:24 GMT',
22 verbose headers   via: '1.1 varnish',
22 verbose headers   age: '108',
22 verbose headers   connection: 'keep-alive',
22 verbose headers   'x-served-by': 'cache-jfk8131-JFK',
22 verbose headers   'x-cache': 'HIT',
22 verbose headers   'x-cache-hits': '2',
22 verbose headers   'x-timer': 'S1498077505.769120,VS0,VE0',
22 verbose headers   vary: 'Accept-Encoding' }
23 silly get cb [ 200,
23 silly get   { server: 'nginx/1.10.1',
23 silly get     'content-type': 'application/json',
23 silly get     'last-modified': 'Sat, 17 Jun 2017 20:40:41 GMT',
23 silly get     etag: 'W/"594593c9-18b73"',
23 silly get     'content-encoding': 'gzip',
23 silly get     'cache-control': 'max-age=300',
23 silly get     'content-length': '11287',
23 silly get     'accept-ranges': 'bytes',
23 silly get     date: 'Wed, 21 Jun 2017 20:38:24 GMT',
23 silly get     via: '1.1 varnish',
23 silly get     age: '108',
23 silly get     connection: 'keep-alive',
23 silly get     'x-served-by': 'cache-jfk8131-JFK',
23 silly get     'x-cache': 'HIT',
23 silly get     'x-cache-hits': '2',
23 silly get     'x-timer': 'S1498077505.769120,VS0,VE0',
23 silly get     vary: 'Accept-Encoding' } ]
24 verbose get saving grunt to /home/vagrant/.npm/registry.npmjs.org/grunt/.cache.json
25 verbose correctMkdir /home/vagrant/.npm correctMkdir not in flight; initializing
26 silly install normalizeTree
27 silly loadCurrentTree Finishing
28 silly loadIdealTree Starting
29 silly install loadIdealTree
30 silly cloneCurrentTree Starting
31 silly install cloneCurrentTreeToIdealTree
32 silly cloneCurrentTree Finishing
33 silly loadShrinkwrap Starting
34 silly install loadShrinkwrap
35 silly loadShrinkwrap Finishing
36 silly loadAllDepsIntoIdealTree Starting
37 silly install loadAllDepsIntoIdealTree
38 silly resolveWithNewModule grunt@1.0.1 checking installable status
39 silly cache add args [ 'grunt@1.0.1', null ]
40 verbose cache add spec grunt@1.0.1
41 silly cache add parsed spec Result {
41 silly cache add   raw: 'grunt@1.0.1',
41 silly cache add   scope: null,
41 silly cache add   escapedName: 'grunt',
41 silly cache add   name: 'grunt',
41 silly cache add   rawSpec: '1.0.1',
41 silly cache add   spec: '1.0.1',
41 silly cache add   type: 'version' }
42 silly addNamed grunt@1.0.1
43 verbose addNamed "1.0.1" is a plain semver version for grunt
44 silly mapToRegistry name grunt
45 silly mapToRegistry using default registry
46 silly mapToRegistry registry https://registry.npmjs.org/
47 silly mapToRegistry data Result {
47 silly mapToRegistry   raw: 'grunt',
47 silly mapToRegistry   scope: null,
47 silly mapToRegistry   escapedName: 'grunt',
47 silly mapToRegistry   name: 'grunt',
47 silly mapToRegistry   rawSpec: '',
47 silly mapToRegistry   spec: 'latest',
47 silly mapToRegistry   type: 'tag' }
48 silly mapToRegistry uri https://registry.npmjs.org/grunt
49 verbose addNameVersion registry:https://registry.npmjs.org/grunt not in flight; fetching
50 verbose get https://registry.npmjs.org/grunt not expired, no request
51 silly cache afterAdd grunt@1.0.1
52 verbose afterAdd /home/vagrant/.npm/grunt/1.0.1/package/package.json not in flight; writing
53 verbose correctMkdir /home/vagrant/.npm correctMkdir not in flight; initializing
54 verbose afterAdd /home/vagrant/.npm/grunt/1.0.1/package/package.json written
55 silly fetchNamedPackageData grunt-cli
56 silly mapToRegistry name grunt-cli
57 silly mapToRegistry using default registry
58 silly mapToRegistry registry https://registry.npmjs.org/
59 silly mapToRegistry data Result {
59 silly mapToRegistry   raw: 'grunt-cli',
59 silly mapToRegistry   scope: null,
59 silly mapToRegistry   escapedName: 'grunt-cli',
59 silly mapToRegistry   name: 'grunt-cli',
59 silly mapToRegistry   rawSpec: '',
59 silly mapToRegistry   spec: 'latest',
59 silly mapToRegistry   type: 'tag' }
60 silly mapToRegistry uri https://registry.npmjs.org/grunt-cli
61 silly fetchNamedPackageData js-yaml
62 silly mapToRegistry name js-yaml
63 silly mapToRegistry using default registry
64 silly mapToRegistry registry https://registry.npmjs.org/
65 silly mapToRegistry data Result {
65 silly mapToRegistry   raw: 'js-yaml',
65 silly mapToRegistry   scope: null,
65 silly mapToRegistry   escapedName: 'js-yaml',
65 silly mapToRegistry   name: 'js-yaml',
65 silly mapToRegistry   rawSpec: '',
65 silly mapToRegistry   spec: 'latest',
65 silly mapToRegistry   type: 'tag' }
66 silly mapToRegistry uri https://registry.npmjs.org/js-yaml
67 verbose request uri https://registry.npmjs.org/grunt-cli
68 verbose request no auth needed
69 info attempt registry request try #1 at 8:38:29 PM
70 verbose etag W/"5853b532-7df1"
71 verbose lastModified Fri, 16 Dec 2016 09:34:42 GMT
72 http request GET https://registry.npmjs.org/grunt-cli
73 verbose request uri https://registry.npmjs.org/js-yaml
74 verbose request no auth needed
75 info attempt registry request try #1 at 8:38:29 PM
76 verbose etag W/"58507500-14e93"
77 verbose lastModified Tue, 13 Dec 2016 22:24:00 GMT
78 http request GET https://registry.npmjs.org/js-yaml
79 http 200 https://registry.npmjs.org/grunt-cli
80 verbose headers { server: 'nginx/1.10.1',
80 verbose headers   'content-type': 'application/json',
80 verbose headers   'last-modified': 'Sat, 17 Jun 2017 20:40:32 GMT',
80 verbose headers   etag: 'W/"594593c0-811f"',
80 verbose headers   'content-encoding': 'gzip',
80 verbose headers   'cache-control': 'max-age=300',
80 verbose headers   'content-length': '5680',
80 verbose headers   'accept-ranges': 'bytes',
80 verbose headers   date: 'Wed, 21 Jun 2017 20:38:26 GMT',
80 verbose headers   via: '1.1 varnish',
80 verbose headers   age: '206',
80 verbose headers   connection: 'keep-alive',
80 verbose headers   'x-served-by': 'cache-jfk8131-JFK',
80 verbose headers   'x-cache': 'HIT',
80 verbose headers   'x-cache-hits': '5',
80 verbose headers   'x-timer': 'S1498077507.925526,VS0,VE0',
80 verbose headers   vary: 'Accept-Encoding' }
81 silly get cb [ 200,
81 silly get   { server: 'nginx/1.10.1',
81 silly get     'content-type': 'application/json',
81 silly get     'last-modified': 'Sat, 17 Jun 2017 20:40:32 GMT',
81 silly get     etag: 'W/"594593c0-811f"',
81 silly get     'content-encoding': 'gzip',
81 silly get     'cache-control': 'max-age=300',
81 silly get     'content-length': '5680',
81 silly get     'accept-ranges': 'bytes',
81 silly get     date: 'Wed, 21 Jun 2017 20:38:26 GMT',
81 silly get     via: '1.1 varnish',
81 silly get     age: '206',
81 silly get     connection: 'keep-alive',
81 silly get     'x-served-by': 'cache-jfk8131-JFK',
81 silly get     'x-cache': 'HIT',
81 silly get     'x-cache-hits': '5',
81 silly get     'x-timer': 'S1498077507.925526,VS0,VE0',
81 silly get     vary: 'Accept-Encoding' } ]
82 verbose get saving grunt-cli to /home/vagrant/.npm/registry.npmjs.org/grunt-cli/.cache.json
83 verbose correctMkdir /home/vagrant/.npm correctMkdir not in flight; initializing
84 silly resolveWithNewModule grunt-cli@1.2.0 checking installable status
85 silly cache add args [ 'grunt-cli@~1.2.0', null ]
86 verbose cache add spec grunt-cli@~1.2.0
87 silly cache add parsed spec Result {
87 silly cache add   raw: 'grunt-cli@~1.2.0',
87 silly cache add   scope: null,
87 silly cache add   escapedName: 'grunt-cli',
87 silly cache add   name: 'grunt-cli',
87 silly cache add   rawSpec: '~1.2.0',
87 silly cache add   spec: '>=1.2.0 <1.3.0',
87 silly cache add   type: 'range' }
88 silly addNamed grunt-cli@>=1.2.0 <1.3.0
89 verbose addNamed ">=1.2.0 <1.3.0" is a valid semver range for grunt-cli
90 silly addNameRange { name: 'grunt-cli', range: '>=1.2.0 <1.3.0', hasData: false }
91 silly mapToRegistry name grunt-cli
92 silly mapToRegistry using default registry
93 silly mapToRegistry registry https://registry.npmjs.org/
94 silly mapToRegistry data Result {
94 silly mapToRegistry   raw: 'grunt-cli',
94 silly mapToRegistry   scope: null,
94 silly mapToRegistry   escapedName: 'grunt-cli',
94 silly mapToRegistry   name: 'grunt-cli',
94 silly mapToRegistry   rawSpec: '',
94 silly mapToRegistry   spec: 'latest',
94 silly mapToRegistry   type: 'tag' }
95 silly mapToRegistry uri https://registry.npmjs.org/grunt-cli
96 verbose addNameRange registry:https://registry.npmjs.org/grunt-cli not in flight; fetching
97 verbose get https://registry.npmjs.org/grunt-cli not expired, no request
98 silly addNameRange number 2 { name: 'grunt-cli', range: '>=1.2.0 <1.3.0', hasData: true }
99 silly addNameRange versions [ 'grunt-cli',
99 silly addNameRange   [ '0.1.0',
99 silly addNameRange     '0.1.1',
99 silly addNameRange     '0.1.2',
99 silly addNameRange     '0.1.3',
99 silly addNameRange     '0.1.4',
99 silly addNameRange     '0.1.5',
99 silly addNameRange     '0.1.6',
99 silly addNameRange     '0.1.7',
99 silly addNameRange     '0.1.8',
99 silly addNameRange     '0.1.9',
99 silly addNameRange     '0.1.10',
99 silly addNameRange     '0.1.11',
99 silly addNameRange     '0.1.12',
99 silly addNameRange     '0.1.13',
99 silly addNameRange     '1.0.0-rc1',
99 silly addNameRange     '1.0.0',
99 silly addNameRange     '1.0.1',
99 silly addNameRange     '1.1.0',
99 silly addNameRange     '1.2.0' ] ]
100 silly addNamed grunt-cli@1.2.0
101 verbose addNamed "1.2.0" is a plain semver version for grunt-cli
102 silly cache afterAdd grunt-cli@1.2.0
103 verbose afterAdd /home/vagrant/.npm/grunt-cli/1.2.0/package/package.json not in flight; writing
104 verbose correctMkdir /home/vagrant/.npm correctMkdir not in flight; initializing
105 verbose afterAdd /home/vagrant/.npm/grunt-cli/1.2.0/package/package.json written
106 http 200 https://registry.npmjs.org/js-yaml
107 verbose headers { server: 'nginx/1.10.1',
107 verbose headers   'content-type': 'application/json',
107 verbose headers   'last-modified': 'Fri, 16 Jun 2017 06:32:14 GMT',
107 verbose headers   etag: 'W/"59437b6e-17281"',
107 verbose headers   'content-encoding': 'gzip',
107 verbose headers   'cache-control': 'max-age=300',
107 verbose headers   'content-length': '11803',
107 verbose headers   'accept-ranges': 'bytes',
107 verbose headers   date: 'Wed, 21 Jun 2017 20:38:27 GMT',
107 verbose headers   via: '1.1 varnish',
107 verbose headers   age: '28',
107 verbose headers   connection: 'keep-alive',
107 verbose headers   'x-served-by': 'cache-jfk8127-JFK',
107 verbose headers   'x-cache': 'HIT',
107 verbose headers   'x-cache-hits': '2',
107 verbose headers   'x-timer': 'S1498077508.738029,VS0,VE0',
107 verbose headers   vary: 'Accept-Encoding' }
108 silly get cb [ 200,
108 silly get   { server: 'nginx/1.10.1',
108 silly get     'content-type': 'application/json',
108 silly get     'last-modified': 'Fri, 16 Jun 2017 06:32:14 GMT',
108 silly get     etag: 'W/"59437b6e-17281"',
108 silly get     'content-encoding': 'gzip',
108 silly get     'cache-control': 'max-age=300',
108 silly get     'content-length': '11803',
108 silly get     'accept-ranges': 'bytes',
108 silly get     date: 'Wed, 21 Jun 2017 20:38:27 GMT',
108 silly get     via: '1.1 varnish',
108 silly get     age: '28',
108 silly get     connection: 'keep-alive',
108 silly get     'x-served-by': 'cache-jfk8127-JFK',
108 silly get     'x-cache': 'HIT',
108 silly get     'x-cache-hits': '2',
108 silly get     'x-timer': 'S1498077508.738029,VS0,VE0',
108 silly get     vary: 'Accept-Encoding' } ]
109 verbose get saving js-yaml to /home/vagrant/.npm/registry.npmjs.org/js-yaml/.cache.json
110 verbose correctMkdir /home/vagrant/.npm correctMkdir not in flight; initializing
111 silly resolveWithNewModule js-yaml@3.5.5 checking installable status
112 silly cache add args [ 'js-yaml@~3.5.2', null ]
113 verbose cache add spec js-yaml@~3.5.2
114 silly cache add parsed spec Result {
114 silly cache add   raw: 'js-yaml@~3.5.2',
114 silly cache add   scope: null,
114 silly cache add   escapedName: 'js-yaml',
114 silly cache add   name: 'js-yaml',
114 silly cache add   rawSpec: '~3.5.2',
114 silly cache add   spec: '>=3.5.2 <3.6.0',
114 silly cache add   type: 'range' }
115 silly addNamed js-yaml@>=3.5.2 <3.6.0
116 verbose addNamed ">=3.5.2 <3.6.0" is a valid semver range for js-yaml
117 silly addNameRange { name: 'js-yaml', range: '>=3.5.2 <3.6.0', hasData: false }
118 silly mapToRegistry name js-yaml
119 silly mapToRegistry using default registry
120 silly mapToRegistry registry https://registry.npmjs.org/
121 silly mapToRegistry data Result {
121 silly mapToRegistry   raw: 'js-yaml',
121 silly mapToRegistry   scope: null,
121 silly mapToRegistry   escapedName: 'js-yaml',
121 silly mapToRegistry   name: 'js-yaml',
121 silly mapToRegistry   rawSpec: '',
121 silly mapToRegistry   spec: 'latest',
121 silly mapToRegistry   type: 'tag' }
122 silly mapToRegistry uri https://registry.npmjs.org/js-yaml
123 verbose addNameRange registry:https://registry.npmjs.org/js-yaml not in flight; fetching
124 verbose get https://registry.npmjs.org/js-yaml not expired, no request
125 silly addNameRange number 2 { name: 'js-yaml', range: '>=3.5.2 <3.6.0', hasData: true }
126 silly addNameRange versions [ 'js-yaml',
126 silly addNameRange   [ '0.2.0',
126 silly addNameRange     '0.2.1',
126 silly addNameRange     '0.2.2',
126 silly addNameRange     '0.3.0',
126 silly addNameRange     '0.3.1',
126 silly addNameRange     '0.3.2',
126 silly addNameRange     '0.3.3',
126 silly addNameRange     '0.3.4',
126 silly addNameRange     '0.3.5',
126 silly addNameRange     '0.3.6',
126 silly addNameRange     '0.3.7',
126 silly addNameRange     '1.0.0',
126 silly addNameRange     '1.0.1',
126 silly addNameRange     '1.0.2',
126 silly addNameRange     '1.0.3',
126 silly addNameRange     '2.0.0',
126 silly addNameRange     '2.0.1',
126 silly addNameRange     '2.0.2',
126 silly addNameRange     '2.0.3',
126 silly addNameRange     '2.0.4',
126 silly addNameRange     '2.0.5',
126 silly addNameRange     '2.1.0',
126 silly addNameRange     '2.1.1',
126 silly addNameRange     '2.1.2',
126 silly addNameRange     '2.1.3',
126 silly addNameRange     '3.0.0',
126 silly addNameRange     '3.0.1',
126 silly addNameRange     '3.0.2',
126 silly addNameRange     '3.1.0',
126 silly addNameRange     '3.2.1',
126 silly addNameRange     '3.2.2',
126 silly addNameRange     '3.2.3',
126 silly addNameRange     '3.2.4',
126 silly addNameRange     '3.2.5',
126 silly addNameRange     '3.2.6',
126 silly addNameRange     '3.2.7',
126 silly addNameRange     '3.3.0',
126 silly addNameRange     '3.3.1',
126 silly addNameRange     '3.4.0',
126 silly addNameRange     '3.4.1',
126 silly addNameRange     '3.4.2',
126 silly addNameRange     '3.4.3',
126 silly addNameRange     '3.4.4',
126 silly addNameRange     '3.4.5',
126 silly addNameRange     '3.4.6',
126 silly addNameRange     '3.5.0',
126 silly addNameRange     '3.5.1',
126 silly addNameRange     '3.5.2',
126 silly addNameRange     '3.5.3',
126 silly addNameRange     '3.5.4',
126 silly addNameRange     '3.5.5',
126 silly addNameRange     '3.6.0',
126 silly addNameRange     '3.6.1',
126 silly addNameRange     '3.7.0',
126 silly addNameRange     '3.8.0',
126 silly addNameRange     '3.8.1',
126 silly addNameRange     '3.8.2',
126 silly addNameRange     '3.8.3',
126 silly addNameRange     '3.8.4' ] ]
127 silly addNamed js-yaml@3.5.5
128 verbose addNamed "3.5.5" is a plain semver version for js-yaml
129 silly cache afterAdd js-yaml@3.5.5
130 verbose afterAdd /home/vagrant/.npm/js-yaml/3.5.5/package/package.json not in flight; writing
131 verbose correctMkdir /home/vagrant/.npm correctMkdir not in flight; initializing
132 verbose afterAdd /home/vagrant/.npm/js-yaml/3.5.5/package/package.json written
133 silly fetchNamedPackageData esprima
134 silly mapToRegistry name esprima
135 silly mapToRegistry using default registry
136 silly mapToRegistry registry https://registry.npmjs.org/
137 silly mapToRegistry data Result {
137 silly mapToRegistry   raw: 'esprima',
137 silly mapToRegistry   scope: null,
137 silly mapToRegistry   escapedName: 'esprima',
137 silly mapToRegistry   name: 'esprima',
137 silly mapToRegistry   rawSpec: '',
137 silly mapToRegistry   spec: 'latest',
137 silly mapToRegistry   type: 'tag' }
138 silly mapToRegistry uri https://registry.npmjs.org/esprima
139 verbose request uri https://registry.npmjs.org/esprima
140 verbose request no auth needed
141 info attempt registry request try #1 at 8:38:31 PM
142 verbose etag W/"58400914-161e1"
143 verbose lastModified Thu, 01 Dec 2016 11:27:16 GMT
144 http request GET https://registry.npmjs.org/esprima
145 http 200 https://registry.npmjs.org/esprima
146 verbose headers { server: 'nginx/1.10.1',
146 verbose headers   'content-type': 'application/json',
146 verbose headers   'last-modified': 'Sat, 10 Jun 2017 11:56:16 GMT',
146 verbose headers   etag: 'W/"593bde60-184cc"',
146 verbose headers   'content-encoding': 'gzip',
146 verbose headers   'cache-control': 'max-age=300',
146 verbose headers   'content-length': '8589',
146 verbose headers   'accept-ranges': 'bytes',
146 verbose headers   date: 'Wed, 21 Jun 2017 20:38:28 GMT',
146 verbose headers   via: '1.1 varnish',
146 verbose headers   age: '122',
146 verbose headers   connection: 'keep-alive',
146 verbose headers   'x-served-by': 'cache-jfk8131-JFK',
146 verbose headers   'x-cache': 'HIT',
146 verbose headers   'x-cache-hits': '2',
146 verbose headers   'x-timer': 'S1498077509.542987,VS0,VE0',
146 verbose headers   vary: 'Accept-Encoding' }
147 silly get cb [ 200,
147 silly get   { server: 'nginx/1.10.1',
147 silly get     'content-type': 'application/json',
147 silly get     'last-modified': 'Sat, 10 Jun 2017 11:56:16 GMT',
147 silly get     etag: 'W/"593bde60-184cc"',
147 silly get     'content-encoding': 'gzip',
147 silly get     'cache-control': 'max-age=300',
147 silly get     'content-length': '8589',
147 silly get     'accept-ranges': 'bytes',
147 silly get     date: 'Wed, 21 Jun 2017 20:38:28 GMT',
147 silly get     via: '1.1 varnish',
147 silly get     age: '122',
147 silly get     connection: 'keep-alive',
147 silly get     'x-served-by': 'cache-jfk8131-JFK',
147 silly get     'x-cache': 'HIT',
147 silly get     'x-cache-hits': '2',
147 silly get     'x-timer': 'S1498077509.542987,VS0,VE0',
147 silly get     vary: 'Accept-Encoding' } ]
148 verbose get saving esprima to /home/vagrant/.npm/registry.npmjs.org/esprima/.cache.json
149 verbose correctMkdir /home/vagrant/.npm correctMkdir not in flight; initializing
150 silly resolveWithNewModule esprima@2.7.3 checking installable status
151 silly cache add args [ 'esprima@^2.6.0', null ]
152 verbose cache add spec esprima@^2.6.0
153 silly cache add parsed spec Result {
153 silly cache add   raw: 'esprima@^2.6.0',
153 silly cache add   scope: null,
153 silly cache add   escapedName: 'esprima',
153 silly cache add   name: 'esprima',
153 silly cache add   rawSpec: '^2.6.0',
153 silly cache add   spec: '>=2.6.0 <3.0.0',
153 silly cache add   type: 'range' }
154 silly addNamed esprima@>=2.6.0 <3.0.0
155 verbose addNamed ">=2.6.0 <3.0.0" is a valid semver range for esprima
156 silly addNameRange { name: 'esprima', range: '>=2.6.0 <3.0.0', hasData: false }
157 silly mapToRegistry name esprima
158 silly mapToRegistry using default registry
159 silly mapToRegistry registry https://registry.npmjs.org/
160 silly mapToRegistry data Result {
160 silly mapToRegistry   raw: 'esprima',
160 silly mapToRegistry   scope: null,
160 silly mapToRegistry   escapedName: 'esprima',
160 silly mapToRegistry   name: 'esprima',
160 silly mapToRegistry   rawSpec: '',
160 silly mapToRegistry   spec: 'latest',
160 silly mapToRegistry   type: 'tag' }
161 silly mapToRegistry uri https://registry.npmjs.org/esprima
162 verbose addNameRange registry:https://registry.npmjs.org/esprima not in flight; fetching
163 verbose get https://registry.npmjs.org/esprima not expired, no request
164 silly addNameRange number 2 { name: 'esprima', range: '>=2.6.0 <3.0.0', hasData: true }
165 silly addNameRange versions [ 'esprima',
165 silly addNameRange   [ '0.7.0',
165 silly addNameRange     '0.8.0',
165 silly addNameRange     '0.8.1',
165 silly addNameRange     '0.8.2',
165 silly addNameRange     '0.9.0',
165 silly addNameRange     '0.9.1',
165 silly addNameRange     '0.9.2',
165 silly addNameRange     '0.9.3',
165 silly addNameRange     '0.9.4',
165 silly addNameRange     '0.9.5',
165 silly addNameRange     '0.9.6',
165 silly addNameRange     '0.9.7',
165 silly addNameRange     '0.9.8',
165 silly addNameRange     '0.9.9',
165 silly addNameRange     '1.0.0',
165 silly addNameRange     '1.0.1',
165 silly addNameRange     '1.0.2',
165 silly addNameRange     '1.0.3',
165 silly addNameRange     '1.0.4',
165 silly addNameRange     '1.1.0',
165 silly addNameRange     '1.1.1',
165 silly addNameRange     '1.2.0',
165 silly addNameRange     '1.2.1',
165 silly addNameRange     '1.2.2',
165 silly addNameRange     '1.2.3',
165 silly addNameRange     '1.2.4',
165 silly addNameRange     '2.0.0',
165 silly addNameRange     '1.2.5',
165 silly addNameRange     '2.1.0',
165 silly addNameRange     '2.2.0',
165 silly addNameRange     '2.3.0',
165 silly addNameRange     '2.4.0',
165 silly addNameRange     '2.4.1',
165 silly addNameRange     '2.5.0',
165 silly addNameRange     '2.6.0',
165 silly addNameRange     '2.7.0',
165 silly addNameRange     '2.7.1',
165 silly addNameRange     '2.7.2',
165 silly addNameRange     '2.7.3',
165 silly addNameRange     '3.0.0',
165 silly addNameRange     '3.1.0',
165 silly addNameRange     '3.1.1',
165 silly addNameRange     '3.1.2',
165 silly addNameRange     '3.1.3',
165 silly addNameRange     '4.0.0' ] ]
166 silly addNamed esprima@2.7.3
167 verbose addNamed "2.7.3" is a plain semver version for esprima
168 silly cache afterAdd esprima@2.7.3
169 verbose afterAdd /home/vagrant/.npm/esprima/2.7.3/package/package.json not in flight; writing
170 verbose correctMkdir /home/vagrant/.npm correctMkdir not in flight; initializing
171 verbose afterAdd /home/vagrant/.npm/esprima/2.7.3/package/package.json written
172 silly fetchNamedPackageData mkdirp
173 silly mapToRegistry name mkdirp
174 silly mapToRegistry using default registry
175 silly mapToRegistry registry https://registry.npmjs.org/
176 silly mapToRegistry data Result {
176 silly mapToRegistry   raw: 'mkdirp',
176 silly mapToRegistry   scope: null,
176 silly mapToRegistry   escapedName: 'mkdirp',
176 silly mapToRegistry   name: 'mkdirp',
176 silly mapToRegistry   rawSpec: '',
176 silly mapToRegistry   spec: 'latest',
176 silly mapToRegistry   type: 'tag' }
177 silly mapToRegistry uri https://registry.npmjs.org/mkdirp
178 verbose request uri https://registry.npmjs.org/mkdirp
179 verbose request no auth needed
180 info attempt registry request try #1 at 8:38:33 PM
181 verbose etag W/"583edc2b-6098"
182 verbose lastModified Wed, 30 Nov 2016 14:03:23 GMT
183 http request GET https://registry.npmjs.org/mkdirp
184 http 200 https://registry.npmjs.org/mkdirp
185 verbose headers { server: 'nginx/1.10.1',
185 verbose headers   'content-type': 'application/json',
185 verbose headers   'last-modified': 'Wed, 21 Jun 2017 08:38:30 GMT',
185 verbose headers   etag: 'W/"594a3086-648f"',
185 verbose headers   'content-encoding': 'gzip',
185 verbose headers   'cache-control': 'max-age=300',
185 verbose headers   'content-length': '5041',
185 verbose headers   'accept-ranges': 'bytes',
185 verbose headers   date: 'Wed, 21 Jun 2017 20:38:30 GMT',
185 verbose headers   via: '1.1 varnish',
185 verbose headers   age: '39',
185 verbose headers   connection: 'keep-alive',
185 verbose headers   'x-served-by': 'cache-jfk8127-JFK',
185 verbose headers   'x-cache': 'HIT',
185 verbose headers   'x-cache-hits': '3',
185 verbose headers   'x-timer': 'S1498077511.751223,VS0,VE0',
185 verbose headers   vary: 'Accept-Encoding' }
186 silly get cb [ 200,
186 silly get   { server: 'nginx/1.10.1',
186 silly get     'content-type': 'application/json',
186 silly get     'last-modified': 'Wed, 21 Jun 2017 08:38:30 GMT',
186 silly get     etag: 'W/"594a3086-648f"',
186 silly get     'content-encoding': 'gzip',
186 silly get     'cache-control': 'max-age=300',
186 silly get     'content-length': '5041',
186 silly get     'accept-ranges': 'bytes',
186 silly get     date: 'Wed, 21 Jun 2017 20:38:30 GMT',
186 silly get     via: '1.1 varnish',
186 silly get     age: '39',
186 silly get     connection: 'keep-alive',
186 silly get     'x-served-by': 'cache-jfk8127-JFK',
186 silly get     'x-cache': 'HIT',
186 silly get     'x-cache-hits': '3',
186 silly get     'x-timer': 'S1498077511.751223,VS0,VE0',
186 silly get     vary: 'Accept-Encoding' } ]
187 verbose get saving mkdirp to /home/vagrant/.npm/registry.npmjs.org/mkdirp/.cache.json
188 verbose correctMkdir /home/vagrant/.npm correctMkdir not in flight; initializing
189 silly resolveWithNewModule mkdirp@0.5.1 checking installable status
190 silly cache add args [ 'mkdirp@>=0.5 0', null ]
191 verbose cache add spec mkdirp@>=0.5 0
192 silly cache add parsed spec Result {
192 silly cache add   raw: 'mkdirp@>=0.5 0',
192 silly cache add   scope: null,
192 silly cache add   escapedName: 'mkdirp',
192 silly cache add   name: 'mkdirp',
192 silly cache add   rawSpec: '>=0.5 0',
192 silly cache add   spec: '>=0.5.0 >=0.0.0 <1.0.0',
192 silly cache add   type: 'range' }
193 silly addNamed mkdirp@>=0.5.0 >=0.0.0 <1.0.0
194 verbose addNamed ">=0.5.0 >=0.0.0 <1.0.0" is a valid semver range for mkdirp
195 silly addNameRange { name: 'mkdirp',
195 silly addNameRange   range: '>=0.5.0 >=0.0.0 <1.0.0',
195 silly addNameRange   hasData: false }
196 silly mapToRegistry name mkdirp
197 silly mapToRegistry using default registry
198 silly mapToRegistry registry https://registry.npmjs.org/
199 silly mapToRegistry data Result {
199 silly mapToRegistry   raw: 'mkdirp',
199 silly mapToRegistry   scope: null,
199 silly mapToRegistry   escapedName: 'mkdirp',
199 silly mapToRegistry   name: 'mkdirp',
199 silly mapToRegistry   rawSpec: '',
199 silly mapToRegistry   spec: 'latest',
199 silly mapToRegistry   type: 'tag' }
200 silly mapToRegistry uri https://registry.npmjs.org/mkdirp
201 verbose addNameRange registry:https://registry.npmjs.org/mkdirp not in flight; fetching
202 verbose get https://registry.npmjs.org/mkdirp not expired, no request
203 silly addNameRange number 2 { name: 'mkdirp',
203 silly addNameRange   range: '>=0.5.0 >=0.0.0 <1.0.0',
203 silly addNameRange   hasData: true }
204 silly addNameRange versions [ 'mkdirp',
204 silly addNameRange   [ '0.0.1',
204 silly addNameRange     '0.0.2',
204 silly addNameRange     '0.0.3',
204 silly addNameRange     '0.0.4',
204 silly addNameRange     '0.0.5',
204 silly addNameRange     '0.0.6',
204 silly addNameRange     '0.0.7',
204 silly addNameRange     '0.1.0',
204 silly addNameRange     '0.2.0',
204 silly addNameRange     '0.2.1',
204 silly addNameRange     '0.2.2',
204 silly addNameRange     '0.3.0',
204 silly addNameRange     '0.3.1',
204 silly addNameRange     '0.3.2',
204 silly addNameRange     '0.3.3',
204 silly addNameRange     '0.3.4',
204 silly addNameRange     '0.3.5',
204 silly addNameRange     '0.4.0',
204 silly addNameRange     '0.4.1',
204 silly addNameRange     '0.4.2',
204 silly addNameRange     '0.5.0',
204 silly addNameRange     '0.5.1' ] ]
205 silly addNamed mkdirp@0.5.1
206 verbose addNamed "0.5.1" is a plain semver version for mkdirp
207 silly cache afterAdd mkdirp@0.5.1
208 verbose afterAdd /home/vagrant/.npm/mkdirp/0.5.1/package/package.json not in flight; writing
209 verbose correctMkdir /home/vagrant/.npm correctMkdir not in flight; initializing
210 verbose afterAdd /home/vagrant/.npm/mkdirp/0.5.1/package/package.json written
211 silly fetchNamedPackageData minimist
212 silly mapToRegistry name minimist
213 silly mapToRegistry using default registry
214 silly mapToRegistry registry https://registry.npmjs.org/
215 silly mapToRegistry data Result {
215 silly mapToRegistry   raw: 'minimist',
215 silly mapToRegistry   scope: null,
215 silly mapToRegistry   escapedName: 'minimist',
215 silly mapToRegistry   name: 'minimist',
215 silly mapToRegistry   rawSpec: '',
215 silly mapToRegistry   spec: 'latest',
215 silly mapToRegistry   type: 'tag' }
216 silly mapToRegistry uri https://registry.npmjs.org/minimist
217 verbose request uri https://registry.npmjs.org/minimist
218 verbose request no auth needed
219 info attempt registry request try #1 at 8:38:33 PM
220 verbose etag W/"583edd12-7206"
221 verbose lastModified Wed, 30 Nov 2016 14:07:14 GMT
222 http request GET https://registry.npmjs.org/minimist
223 http 200 https://registry.npmjs.org/minimist
224 verbose headers { server: 'nginx/1.10.1',
224 verbose headers   'content-type': 'application/json',
224 verbose headers   'last-modified': 'Wed, 21 Jun 2017 15:25:40 GMT',
224 verbose headers   etag: 'W/"594a8ff4-7615"',
224 verbose headers   'content-encoding': 'gzip',
224 verbose headers   'cache-control': 'max-age=300',
224 verbose headers   'content-length': '5840',
224 verbose headers   'accept-ranges': 'bytes',
224 verbose headers   date: 'Wed, 21 Jun 2017 20:38:31 GMT',
224 verbose headers   via: '1.1 varnish',
224 verbose headers   age: '71',
224 verbose headers   connection: 'keep-alive',
224 verbose headers   'x-served-by': 'cache-jfk8131-JFK',
224 verbose headers   'x-cache': 'HIT',
224 verbose headers   'x-cache-hits': '7',
224 verbose headers   'x-timer': 'S1498077511.286791,VS0,VE0',
224 verbose headers   vary: 'Accept-Encoding' }
225 silly get cb [ 200,
225 silly get   { server: 'nginx/1.10.1',
225 silly get     'content-type': 'application/json',
225 silly get     'last-modified': 'Wed, 21 Jun 2017 15:25:40 GMT',
225 silly get     etag: 'W/"594a8ff4-7615"',
225 silly get     'content-encoding': 'gzip',
225 silly get     'cache-control': 'max-age=300',
225 silly get     'content-length': '5840',
225 silly get     'accept-ranges': 'bytes',
225 silly get     date: 'Wed, 21 Jun 2017 20:38:31 GMT',
225 silly get     via: '1.1 varnish',
225 silly get     age: '71',
225 silly get     connection: 'keep-alive',
225 silly get     'x-served-by': 'cache-jfk8131-JFK',
225 silly get     'x-cache': 'HIT',
225 silly get     'x-cache-hits': '7',
225 silly get     'x-timer': 'S1498077511.286791,VS0,VE0',
225 silly get     vary: 'Accept-Encoding' } ]
226 verbose get saving minimist to /home/vagrant/.npm/registry.npmjs.org/minimist/.cache.json
227 verbose correctMkdir /home/vagrant/.npm correctMkdir not in flight; initializing
228 silly resolveWithNewModule minimist@0.0.8 checking installable status
229 silly cache add args [ 'minimist@0.0.8', null ]
230 verbose cache add spec minimist@0.0.8
231 silly cache add parsed spec Result {
231 silly cache add   raw: 'minimist@0.0.8',
231 silly cache add   scope: null,
231 silly cache add   escapedName: 'minimist',
231 silly cache add   name: 'minimist',
231 silly cache add   rawSpec: '0.0.8',
231 silly cache add   spec: '0.0.8',
231 silly cache add   type: 'version' }
232 silly addNamed minimist@0.0.8
233 verbose addNamed "0.0.8" is a plain semver version for minimist
234 silly mapToRegistry name minimist
235 silly mapToRegistry using default registry
236 silly mapToRegistry registry https://registry.npmjs.org/
237 silly mapToRegistry data Result {
237 silly mapToRegistry   raw: 'minimist',
237 silly mapToRegistry   scope: null,
237 silly mapToRegistry   escapedName: 'minimist',
237 silly mapToRegistry   name: 'minimist',
237 silly mapToRegistry   rawSpec: '',
237 silly mapToRegistry   spec: 'latest',
237 silly mapToRegistry   type: 'tag' }
238 silly mapToRegistry uri https://registry.npmjs.org/minimist
239 verbose addNameVersion registry:https://registry.npmjs.org/minimist not in flight; fetching
240 verbose get https://registry.npmjs.org/minimist not expired, no request
241 silly cache afterAdd minimist@0.0.8
242 verbose afterAdd /home/vagrant/.npm/minimist/0.0.8/package/package.json not in flight; writing
243 verbose correctMkdir /home/vagrant/.npm correctMkdir not in flight; initializing
244 verbose afterAdd /home/vagrant/.npm/minimist/0.0.8/package/package.json written
245 silly loadAllDepsIntoIdealTree Finishing
246 silly loadIdealTree Finishing
247 silly currentTree my-recipe-book@1.0.0
247 silly currentTree +-- abbrev@1.0.9
247 silly currentTree +-- ajv@4.11.8
247 silly currentTree +-- ansi-regex@2.0.0
247 silly currentTree +-- ansi-styles@2.2.1
247 silly currentTree +-- aproba@1.1.2
247 silly currentTree +-- are-we-there-yet@1.1.4
247 silly currentTree +-- argparse@1.0.9
247 silly currentTree +-- array-find-index@1.0.2
247 silly currentTree +-- asn1@0.2.3
247 silly currentTree +-- assert-plus@0.2.0
247 silly currentTree +-- async@1.5.2
247 silly currentTree +-- asynckit@0.4.0
247 silly currentTree +-- aws-sign2@0.6.0
247 silly currentTree +-- aws4@1.6.0
247 silly currentTree +-- babel-runtime@6.18.0
247 silly currentTree +-- balanced-match@0.4.2
247 silly currentTree +-- bcrypt-nodejs@0.0.3
247 silly currentTree +-- bcrypt-pbkdf@1.0.1
247 silly currentTree +-- bindings@1.2.1
247 silly currentTree +-- block-stream@0.0.9
247 silly currentTree +-- boom@2.10.1
247 silly currentTree +-- brace-expansion@1.1.6
247 silly currentTree +-- buffer-shims@1.0.0
247 silly currentTree +-- builtin-modules@1.1.1
247 silly currentTree +-- camelcase-keys@2.1.0
247 silly currentTree +-- camelcase@2.1.1
247 silly currentTree +-- caseless@0.12.0
247 silly currentTree +-- chalk@1.1.3
247 silly currentTree +-- co@4.6.0
247 silly currentTree +-- code-point-at@1.1.0
247 silly currentTree +-- coffee-script@1.10.0
247 silly currentTree +-- colors@1.1.2
247 silly currentTree +-- combined-stream@1.0.5
247 silly currentTree +-- concat-map@0.0.1
247 silly currentTree +-- console-control-strings@1.1.0
247 silly currentTree +-- core-js@2.4.1
247 silly currentTree +-- core-util-is@1.0.2
247 silly currentTree +-- cryptiles@2.0.5
247 silly currentTree +-- currently-unhandled@0.4.1
247 silly currentTree +-- dashdash@1.14.1
247 silly currentTree | `-- assert-plus@1.0.0
247 silly currentTree +-- dateformat@1.0.12
247 silly currentTree +-- debug@2.2.0
247 silly currentTree +-- decamelize@1.2.0
247 silly currentTree +-- deep-extend@0.4.2
247 silly currentTree +-- delayed-stream@1.0.0
247 silly currentTree +-- delegates@1.0.0
247 silly currentTree +-- ecc-jsbn@0.1.1
247 silly currentTree +-- error-ex@1.3.0
247 silly currentTree +-- escape-string-regexp@1.0.5
247 silly currentTree +-- eventemitter2@0.4.14
247 silly currentTree +-- exit@0.1.2
247 silly currentTree +-- extend@3.0.1
247 silly currentTree +-- extsprintf@1.0.2
247 silly currentTree +-- find-up@1.1.2
247 silly currentTree +-- findup-sync@0.3.0
247 silly currentTree | `-- glob@5.0.15
247 silly currentTree +-- forever-agent@0.6.1
247 silly currentTree +-- form-data@2.1.4
247 silly currentTree +-- fs.realpath@1.0.0
247 silly currentTree +-- fstream-ignore@1.0.5
247 silly currentTree +-- fstream@1.0.11
247 silly currentTree +-- gauge@2.7.4
247 silly currentTree +-- get-stdin@4.0.1
247 silly currentTree +-- getobject@0.1.0
247 silly currentTree +-- getpass@0.1.7
247 silly currentTree | `-- assert-plus@1.0.0
247 silly currentTree +-- glob@7.0.6
247 silly currentTree +-- graceful-fs@4.1.11
247 silly currentTree +-- grunt-exec@1.0.1
247 silly currentTree +-- grunt-known-options@1.1.0
247 silly currentTree +-- grunt-legacy-log-utils@1.0.0
247 silly currentTree | `-- lodash@4.3.0
247 silly currentTree +-- grunt-legacy-log@1.0.0
247 silly currentTree +-- grunt-legacy-util@1.0.0
247 silly currentTree | `-- lodash@4.3.0
247 silly currentTree +-- har-schema@1.0.5
247 silly currentTree +-- har-validator@4.2.1
247 silly currentTree +-- has-ansi@2.0.0
247 silly currentTree +-- has-unicode@2.0.1
247 silly currentTree +-- hawk@3.1.3
247 silly currentTree +-- hoek@2.16.3
247 silly currentTree +-- hooker@0.2.3
247 silly currentTree +-- hosted-git-info@2.1.5
247 silly currentTree +-- http-signature@1.1.1
247 silly currentTree +-- iconv-lite@0.4.15
247 silly currentTree +-- indent-string@2.1.0
247 silly currentTree +-- inflight@1.0.6
247 silly currentTree +-- inherits@2.0.3
247 silly currentTree +-- ini@1.3.4
247 silly currentTree +-- is-arrayish@0.2.1
247 silly currentTree +-- is-builtin-module@1.0.0
247 silly currentTree +-- is-finite@1.0.2
247 silly currentTree +-- is-fullwidth-code-point@1.0.0
247 silly currentTree +-- is-typedarray@1.0.0
247 silly currentTree +-- is-utf8@0.2.1
247 silly currentTree +-- isarray@1.0.0
247 silly currentTree +-- isexe@1.1.2
247 silly currentTree +-- isstream@0.1.2
247 silly currentTree +-- jsbn@0.1.1
247 silly currentTree +-- json-schema@0.2.3
247 silly currentTree +-- json-stable-stringify@1.0.1
247 silly currentTree +-- json-stringify-safe@5.0.1
247 silly currentTree +-- jsonify@0.0.0
247 silly currentTree +-- jsprim@1.4.0
247 silly currentTree | `-- assert-plus@1.0.0
247 silly currentTree +-- load-json-file@1.1.0
247 silly currentTree +-- lodash@3.10.1
247 silly currentTree +-- loud-rejection@1.6.0
247 silly currentTree +-- map-obj@1.0.1
247 silly currentTree +-- meow@3.7.0
247 silly currentTree +-- meteor-node-stubs@0.2.4
247 silly currentTree | +-- asn1.js@4.9.0
247 silly currentTree | +-- assert@1.4.1
247 silly currentTree | +-- base64-js@1.2.0
247 silly currentTree | +-- Base64@0.2.1
247 silly currentTree | +-- bn.js@4.11.6
247 silly currentTree | +-- brorand@1.0.6
247 silly currentTree | +-- browserify-aes@1.0.6
247 silly currentTree | +-- browserify-cipher@1.0.0
247 silly currentTree | +-- browserify-des@1.0.0
247 silly currentTree | +-- browserify-rsa@4.0.1
247 silly currentTree | +-- browserify-sign@4.0.0
247 silly currentTree | +-- browserify-zlib@0.1.4
247 silly currentTree | +-- buffer-shims@1.0.0
247 silly currentTree | +-- buffer-xor@1.0.3
247 silly currentTree | +-- buffer@4.9.1
247 silly currentTree | +-- cipher-base@1.0.3
247 silly currentTree | +-- console-browserify@1.1.0
247 silly currentTree | +-- constants-browserify@1.0.0
247 silly currentTree | +-- core-util-is@1.0.2
247 silly currentTree | +-- create-ecdh@4.0.0
247 silly currentTree | +-- create-hash@1.1.2
247 silly currentTree | +-- create-hmac@1.1.4
247 silly currentTree | +-- crypto-browserify@3.11.0
247 silly currentTree | +-- date-now@0.1.4
247 silly currentTree | +-- des.js@1.0.0
247 silly currentTree | +-- diffie-hellman@5.0.2
247 silly currentTree | +-- domain-browser@1.1.7
247 silly currentTree | +-- elliptic@6.3.2
247 silly currentTree | +-- events@1.1.1
247 silly currentTree | +-- evp_bytestokey@1.0.0
247 silly currentTree | +-- hash.js@1.0.3
247 silly currentTree | +-- http-browserify@1.7.0
247 silly currentTree | +-- https-browserify@0.0.1
247 silly currentTree | +-- ieee754@1.1.8
247 silly currentTree | +-- indexof@0.0.1
247 silly currentTree | +-- inherits@2.0.1
247 silly currentTree | +-- isarray@1.0.0
247 silly currentTree | +-- miller-rabin@4.0.0
247 silly currentTree | +-- minimalistic-assert@1.0.0
247 silly currentTree | +-- os-browserify@0.2.1
247 silly currentTree | +-- pako@0.2.9
247 silly currentTree | +-- parse-asn1@5.0.0
247 silly currentTree | +-- path-browserify@0.0.0
247 silly currentTree | +-- pbkdf2@3.0.9
247 silly currentTree | +-- process-nextick-args@1.0.7
247 silly currentTree | +-- process@0.11.9
247 silly currentTree | +-- public-encrypt@4.0.0
247 silly currentTree | +-- punycode@1.4.1
247 silly currentTree | +-- querystring-es3@0.2.1
247 silly currentTree | +-- querystring@0.2.0
247 silly currentTree | +-- randombytes@2.0.3
247 silly currentTree | +-- readable-stream@2.2.1
247 silly currentTree | +-- ripemd160@1.0.1
247 silly currentTree | +-- sha.js@2.4.8
247 silly currentTree | +-- stream-browserify@2.0.1
247 silly currentTree | +-- string_decoder@0.10.31
247 silly currentTree | +-- timers-browserify@1.4.2
247 silly currentTree | +-- tty-browserify@0.0.0
247 silly currentTree | +-- url@0.11.0
247 silly currentTree | | `-- punycode@1.3.2
247 silly currentTree | +-- util-deprecate@1.0.2
247 silly currentTree | +-- util@0.10.3
247 silly currentTree | `-- vm-browserify@0.0.4
247 silly currentTree +-- mime-db@1.27.0
247 silly currentTree +-- mime-types@2.1.15
247 silly currentTree +-- minimatch@3.0.3
247 silly currentTree +-- minimist@1.2.0
247 silly currentTree +-- ms@0.7.1
247 silly currentTree +-- nan@2.3.5
247 silly currentTree +-- nopt@3.0.6
247 silly currentTree +-- normalize-package-data@2.3.5
247 silly currentTree +-- npmlog@4.1.0
247 silly currentTree +-- number-is-nan@1.0.1
247 silly currentTree +-- oauth-sign@0.8.2
247 silly currentTree +-- object-assign@4.1.0
247 silly currentTree +-- once@1.4.0
247 silly currentTree +-- parse-json@2.2.0
247 silly currentTree +-- path-exists@2.1.0
247 silly currentTree +-- path-is-absolute@1.0.1
247 silly currentTree +-- path-type@1.1.0
247 silly currentTree +-- performance-now@0.2.0
247 silly currentTree +-- pify@2.3.0
247 silly currentTree +-- pinkie-promise@2.0.1
247 silly currentTree +-- pinkie@2.0.4
247 silly currentTree +-- process-nextick-args@1.0.7
247 silly currentTree +-- punycode@1.4.1
247 silly currentTree +-- qs@6.4.0
247 silly currentTree +-- rc@1.1.7
247 silly currentTree +-- read-pkg-up@1.0.1
247 silly currentTree +-- read-pkg@1.1.0
247 silly currentTree +-- readable-stream@2.3.1
247 silly currentTree +-- redent@1.0.0
247 silly currentTree +-- regenerator-runtime@0.9.6
247 silly currentTree +-- repeating@2.0.1
247 silly currentTree +-- request@2.81.0
247 silly currentTree +-- resolve@1.1.7
247 silly currentTree +-- rimraf@2.2.8
247 silly currentTree +-- safe-buffer@5.1.0
247 silly currentTree +-- semver@5.3.0
247 silly currentTree +-- set-blocking@2.0.0
247 silly currentTree +-- signal-exit@3.0.2
247 silly currentTree +-- sntp@1.0.9
247 silly currentTree +-- spdx-correct@1.0.2
247 silly currentTree +-- spdx-expression-parse@1.0.4
247 silly currentTree +-- spdx-license-ids@1.2.2
247 silly currentTree +-- sprintf-js@1.0.3
247 silly currentTree +-- sshpk@1.13.1
247 silly currentTree | `-- assert-plus@1.0.0
247 silly currentTree +-- string_decoder@1.0.2
247 silly currentTree | `-- safe-buffer@5.0.1
247 silly currentTree +-- string-width@1.0.2
247 silly currentTree +-- stringstream@0.0.5
247 silly currentTree +-- strip-ansi@3.0.1
247 silly currentTree +-- strip-bom@2.0.0
247 silly currentTree +-- strip-indent@1.0.1
247 silly currentTree +-- strip-json-comments@2.0.1
247 silly currentTree +-- supports-color@2.0.0
247 silly currentTree +-- tar-pack@3.3.0
247 silly currentTree | +-- once@1.3.3
247 silly currentTree | +-- readable-stream@2.1.5
247 silly currentTree | +-- rimraf@2.5.4
247 silly currentTree | `-- string_decoder@0.10.31
247 silly currentTree +-- tar@2.2.1
247 silly currentTree +-- tough-cookie@2.3.2
247 silly currentTree +-- trim-newlines@1.0.0
247 silly currentTree +-- tunnel-agent@0.6.0
247 silly currentTree +-- tweetnacl@0.14.5
247 silly currentTree +-- uid-number@0.0.6
247 silly currentTree +-- underscore.string@3.2.3
247 silly currentTree +-- util-deprecate@1.0.2
247 silly currentTree +-- uuid@3.1.0
247 silly currentTree +-- validate-npm-package-license@3.0.1
247 silly currentTree +-- verror@1.3.6
247 silly currentTree +-- which@1.2.12
247 silly currentTree +-- wide-align@1.1.2
247 silly currentTree `-- wrappy@1.0.2
248 silly idealTree my-recipe-book@1.0.0
248 silly idealTree +-- abbrev@1.0.9
248 silly idealTree +-- ajv@4.11.8
248 silly idealTree +-- ansi-regex@2.0.0
248 silly idealTree +-- ansi-styles@2.2.1
248 silly idealTree +-- aproba@1.1.2
248 silly idealTree +-- are-we-there-yet@1.1.4
248 silly idealTree +-- argparse@1.0.9
248 silly idealTree +-- array-find-index@1.0.2
248 silly idealTree +-- asn1@0.2.3
248 silly idealTree +-- assert-plus@0.2.0
248 silly idealTree +-- async@1.5.2
248 silly idealTree +-- asynckit@0.4.0
248 silly idealTree +-- aws-sign2@0.6.0
248 silly idealTree +-- aws4@1.6.0
248 silly idealTree +-- babel-runtime@6.18.0
248 silly idealTree +-- balanced-match@0.4.2
248 silly idealTree +-- bcrypt-nodejs@0.0.3
248 silly idealTree +-- bcrypt-pbkdf@1.0.1
248 silly idealTree +-- bindings@1.2.1
248 silly idealTree +-- block-stream@0.0.9
248 silly idealTree +-- boom@2.10.1
248 silly idealTree +-- brace-expansion@1.1.6
248 silly idealTree +-- buffer-shims@1.0.0
248 silly idealTree +-- builtin-modules@1.1.1
248 silly idealTree +-- camelcase-keys@2.1.0
248 silly idealTree +-- camelcase@2.1.1
248 silly idealTree +-- caseless@0.12.0
248 silly idealTree +-- chalk@1.1.3
248 silly idealTree +-- co@4.6.0
248 silly idealTree +-- code-point-at@1.1.0
248 silly idealTree +-- coffee-script@1.10.0
248 silly idealTree +-- colors@1.1.2
248 silly idealTree +-- combined-stream@1.0.5
248 silly idealTree +-- concat-map@0.0.1
248 silly idealTree +-- console-control-strings@1.1.0
248 silly idealTree +-- core-js@2.4.1
248 silly idealTree +-- core-util-is@1.0.2
248 silly idealTree +-- cryptiles@2.0.5
248 silly idealTree +-- currently-unhandled@0.4.1
248 silly idealTree +-- dashdash@1.14.1
248 silly idealTree | `-- assert-plus@1.0.0
248 silly idealTree +-- dateformat@1.0.12
248 silly idealTree +-- debug@2.2.0
248 silly idealTree +-- decamelize@1.2.0
248 silly idealTree +-- deep-extend@0.4.2
248 silly idealTree +-- delayed-stream@1.0.0
248 silly idealTree +-- delegates@1.0.0
248 silly idealTree +-- ecc-jsbn@0.1.1
248 silly idealTree +-- error-ex@1.3.0
248 silly idealTree +-- escape-string-regexp@1.0.5
248 silly idealTree +-- esprima@2.7.3
248 silly idealTree +-- eventemitter2@0.4.14
248 silly idealTree +-- exit@0.1.2
248 silly idealTree +-- extend@3.0.1
248 silly idealTree +-- extsprintf@1.0.2
248 silly idealTree +-- find-up@1.1.2
248 silly idealTree +-- findup-sync@0.3.0
248 silly idealTree | `-- glob@5.0.15
248 silly idealTree +-- forever-agent@0.6.1
248 silly idealTree +-- form-data@2.1.4
248 silly idealTree +-- fs.realpath@1.0.0
248 silly idealTree +-- fstream-ignore@1.0.5
248 silly idealTree +-- fstream@1.0.11
248 silly idealTree +-- gauge@2.7.4
248 silly idealTree +-- get-stdin@4.0.1
248 silly idealTree +-- getobject@0.1.0
248 silly idealTree +-- getpass@0.1.7
248 silly idealTree | `-- assert-plus@1.0.0
248 silly idealTree +-- glob@7.0.6
248 silly idealTree +-- graceful-fs@4.1.11
248 silly idealTree +-- grunt-exec@1.0.1
248 silly idealTree +-- grunt-known-options@1.1.0
248 silly idealTree +-- grunt-legacy-log-utils@1.0.0
248 silly idealTree | `-- lodash@4.3.0
248 silly idealTree +-- grunt-legacy-log@1.0.0
248 silly idealTree +-- grunt-legacy-util@1.0.0
248 silly idealTree | `-- lodash@4.3.0
248 silly idealTree +-- grunt@1.0.1
248 silly idealTree | `-- grunt-cli@1.2.0
248 silly idealTree +-- har-schema@1.0.5
248 silly idealTree +-- har-validator@4.2.1
248 silly idealTree +-- has-ansi@2.0.0
248 silly idealTree +-- has-unicode@2.0.1
248 silly idealTree +-- hawk@3.1.3
248 silly idealTree +-- hoek@2.16.3
248 silly idealTree +-- hooker@0.2.3
248 silly idealTree +-- hosted-git-info@2.1.5
248 silly idealTree +-- http-signature@1.1.1
248 silly idealTree +-- iconv-lite@0.4.15
248 silly idealTree +-- indent-string@2.1.0
248 silly idealTree +-- inflight@1.0.6
248 silly idealTree +-- inherits@2.0.3
248 silly idealTree +-- ini@1.3.4
248 silly idealTree +-- is-arrayish@0.2.1
248 silly idealTree +-- is-builtin-module@1.0.0
248 silly idealTree +-- is-finite@1.0.2
248 silly idealTree +-- is-fullwidth-code-point@1.0.0
248 silly idealTree +-- is-typedarray@1.0.0
248 silly idealTree +-- is-utf8@0.2.1
248 silly idealTree +-- isarray@1.0.0
248 silly idealTree +-- isexe@1.1.2
248 silly idealTree +-- isstream@0.1.2
248 silly idealTree +-- js-yaml@3.5.5
248 silly idealTree +-- jsbn@0.1.1
248 silly idealTree +-- json-schema@0.2.3
248 silly idealTree +-- json-stable-stringify@1.0.1
248 silly idealTree +-- json-stringify-safe@5.0.1
248 silly idealTree +-- jsonify@0.0.0
248 silly idealTree +-- jsprim@1.4.0
248 silly idealTree | `-- assert-plus@1.0.0
248 silly idealTree +-- load-json-file@1.1.0
248 silly idealTree +-- lodash@3.10.1
248 silly idealTree +-- loud-rejection@1.6.0
248 silly idealTree +-- map-obj@1.0.1
248 silly idealTree +-- meow@3.7.0
248 silly idealTree +-- meteor-node-stubs@0.2.4
248 silly idealTree | +-- asn1.js@4.9.0
248 silly idealTree | +-- assert@1.4.1
248 silly idealTree | +-- base64-js@1.2.0
248 silly idealTree | +-- Base64@0.2.1
248 silly idealTree | +-- bn.js@4.11.6
248 silly idealTree | +-- brorand@1.0.6
248 silly idealTree | +-- browserify-aes@1.0.6
248 silly idealTree | +-- browserify-cipher@1.0.0
248 silly idealTree | +-- browserify-des@1.0.0
248 silly idealTree | +-- browserify-rsa@4.0.1
248 silly idealTree | +-- browserify-sign@4.0.0
248 silly idealTree | +-- browserify-zlib@0.1.4
248 silly idealTree | +-- buffer-shims@1.0.0
248 silly idealTree | +-- buffer-xor@1.0.3
248 silly idealTree | +-- buffer@4.9.1
248 silly idealTree | +-- cipher-base@1.0.3
248 silly idealTree | +-- console-browserify@1.1.0
248 silly idealTree | +-- constants-browserify@1.0.0
248 silly idealTree | +-- core-util-is@1.0.2
248 silly idealTree | +-- create-ecdh@4.0.0
248 silly idealTree | +-- create-hash@1.1.2
248 silly idealTree | +-- create-hmac@1.1.4
248 silly idealTree | +-- crypto-browserify@3.11.0
248 silly idealTree | +-- date-now@0.1.4
248 silly idealTree | +-- des.js@1.0.0
248 silly idealTree | +-- diffie-hellman@5.0.2
248 silly idealTree | +-- domain-browser@1.1.7
248 silly idealTree | +-- elliptic@6.3.2
248 silly idealTree | +-- events@1.1.1
248 silly idealTree | +-- evp_bytestokey@1.0.0
248 silly idealTree | +-- hash.js@1.0.3
248 silly idealTree | +-- http-browserify@1.7.0
248 silly idealTree | +-- https-browserify@0.0.1
248 silly idealTree | +-- ieee754@1.1.8
248 silly idealTree | +-- indexof@0.0.1
248 silly idealTree | +-- inherits@2.0.1
248 silly idealTree | +-- isarray@1.0.0
248 silly idealTree | +-- miller-rabin@4.0.0
248 silly idealTree | +-- minimalistic-assert@1.0.0
248 silly idealTree | +-- os-browserify@0.2.1
248 silly idealTree | +-- pako@0.2.9
248 silly idealTree | +-- parse-asn1@5.0.0
248 silly idealTree | +-- path-browserify@0.0.0
248 silly idealTree | +-- pbkdf2@3.0.9
248 silly idealTree | +-- process-nextick-args@1.0.7
248 silly idealTree | +-- process@0.11.9
248 silly idealTree | +-- public-encrypt@4.0.0
248 silly idealTree | +-- punycode@1.4.1
248 silly idealTree | +-- querystring-es3@0.2.1
248 silly idealTree | +-- querystring@0.2.0
248 silly idealTree | +-- randombytes@2.0.3
248 silly idealTree | +-- readable-stream@2.2.1
248 silly idealTree | +-- ripemd160@1.0.1
248 silly idealTree | +-- sha.js@2.4.8
248 silly idealTree | +-- stream-browserify@2.0.1
248 silly idealTree | +-- string_decoder@0.10.31
248 silly idealTree | +-- timers-browserify@1.4.2
248 silly idealTree | +-- tty-browserify@0.0.0
248 silly idealTree | +-- url@0.11.0
248 silly idealTree | | `-- punycode@1.3.2
248 silly idealTree | +-- util-deprecate@1.0.2
248 silly idealTree | +-- util@0.10.3
248 silly idealTree | `-- vm-browserify@0.0.4
248 silly idealTree +-- mime-db@1.27.0
248 silly idealTree +-- mime-types@2.1.15
248 silly idealTree +-- minimatch@3.0.3
248 silly idealTree +-- minimist@1.2.0
248 silly idealTree +-- mkdirp@0.5.1
248 silly idealTree | `-- minimist@0.0.8
248 silly idealTree +-- ms@0.7.1
248 silly idealTree +-- nan@2.3.5
248 silly idealTree +-- nopt@3.0.6
248 silly idealTree +-- normalize-package-data@2.3.5
248 silly idealTree +-- npmlog@4.1.0
248 silly idealTree +-- number-is-nan@1.0.1
248 silly idealTree +-- oauth-sign@0.8.2
248 silly idealTree +-- object-assign@4.1.0
248 silly idealTree +-- once@1.4.0
248 silly idealTree +-- parse-json@2.2.0
248 silly idealTree +-- path-exists@2.1.0
248 silly idealTree +-- path-is-absolute@1.0.1
248 silly idealTree +-- path-type@1.1.0
248 silly idealTree +-- performance-now@0.2.0
248 silly idealTree +-- pify@2.3.0
248 silly idealTree +-- pinkie-promise@2.0.1
248 silly idealTree +-- pinkie@2.0.4
248 silly idealTree +-- process-nextick-args@1.0.7
248 silly idealTree +-- punycode@1.4.1
248 silly idealTree +-- qs@6.4.0
248 silly idealTree +-- rc@1.1.7
248 silly idealTree +-- read-pkg-up@1.0.1
248 silly idealTree +-- read-pkg@1.1.0
248 silly idealTree +-- readable-stream@2.3.1
248 silly idealTree +-- redent@1.0.0
248 silly idealTree +-- regenerator-runtime@0.9.6
248 silly idealTree +-- repeating@2.0.1
248 silly idealTree +-- request@2.81.0
248 silly idealTree +-- resolve@1.1.7
248 silly idealTree +-- rimraf@2.2.8
248 silly idealTree +-- safe-buffer@5.1.0
248 silly idealTree +-- semver@5.3.0
248 silly idealTree +-- set-blocking@2.0.0
248 silly idealTree +-- signal-exit@3.0.2
248 silly idealTree +-- sntp@1.0.9
248 silly idealTree +-- spdx-correct@1.0.2
248 silly idealTree +-- spdx-expression-parse@1.0.4
248 silly idealTree +-- spdx-license-ids@1.2.2
248 silly idealTree +-- sprintf-js@1.0.3
248 silly idealTree +-- sshpk@1.13.1
248 silly idealTree | `-- assert-plus@1.0.0
248 silly idealTree +-- string_decoder@1.0.2
248 silly idealTree | `-- safe-buffer@5.0.1
248 silly idealTree +-- string-width@1.0.2
248 silly idealTree +-- stringstream@0.0.5
248 silly idealTree +-- strip-ansi@3.0.1
248 silly idealTree +-- strip-bom@2.0.0
248 silly idealTree +-- strip-indent@1.0.1
248 silly idealTree +-- strip-json-comments@2.0.1
248 silly idealTree +-- supports-color@2.0.0
248 silly idealTree +-- tar-pack@3.3.0
248 silly idealTree | +-- once@1.3.3
248 silly idealTree | +-- readable-stream@2.1.5
248 silly idealTree | +-- rimraf@2.5.4
248 silly idealTree | `-- string_decoder@0.10.31
248 silly idealTree +-- tar@2.2.1
248 silly idealTree +-- tough-cookie@2.3.2
248 silly idealTree +-- trim-newlines@1.0.0
248 silly idealTree +-- tunnel-agent@0.6.0
248 silly idealTree +-- tweetnacl@0.14.5
248 silly idealTree +-- uid-number@0.0.6
248 silly idealTree +-- underscore.string@3.2.3
248 silly idealTree +-- util-deprecate@1.0.2
248 silly idealTree +-- uuid@3.1.0
248 silly idealTree +-- validate-npm-package-license@3.0.1
248 silly idealTree +-- verror@1.3.6
248 silly idealTree +-- which@1.2.12
248 silly idealTree +-- wide-align@1.1.2
248 silly idealTree `-- wrappy@1.0.2
249 silly generateActionsToTake Starting
250 silly install generateActionsToTake
251 silly generateActionsToTake Finishing
252 silly diffTrees action count 6
253 silly diffTrees add esprima@2.7.3
254 silly diffTrees add minimist@0.0.8
255 silly diffTrees add mkdirp@0.5.1
256 silly diffTrees add grunt-cli@1.2.0
257 silly diffTrees add js-yaml@3.5.5
258 silly diffTrees add grunt@1.0.1
259 silly decomposeActions action count 48
260 silly decomposeActions fetch esprima@2.7.3
261 silly decomposeActions extract esprima@2.7.3
262 silly decomposeActions test esprima@2.7.3
263 silly decomposeActions preinstall esprima@2.7.3
264 silly decomposeActions build esprima@2.7.3
265 silly decomposeActions install esprima@2.7.3
266 silly decomposeActions postinstall esprima@2.7.3
267 silly decomposeActions finalize esprima@2.7.3
268 silly decomposeActions fetch minimist@0.0.8
269 silly decomposeActions extract minimist@0.0.8
270 silly decomposeActions test minimist@0.0.8
271 silly decomposeActions preinstall minimist@0.0.8
272 silly decomposeActions build minimist@0.0.8
273 silly decomposeActions install minimist@0.0.8
274 silly decomposeActions postinstall minimist@0.0.8
275 silly decomposeActions finalize minimist@0.0.8
276 silly decomposeActions fetch mkdirp@0.5.1
277 silly decomposeActions extract mkdirp@0.5.1
278 silly decomposeActions test mkdirp@0.5.1
279 silly decomposeActions preinstall mkdirp@0.5.1
280 silly decomposeActions build mkdirp@0.5.1
281 silly decomposeActions install mkdirp@0.5.1
282 silly decomposeActions postinstall mkdirp@0.5.1
283 silly decomposeActions finalize mkdirp@0.5.1
284 silly decomposeActions fetch grunt-cli@1.2.0
285 silly decomposeActions extract grunt-cli@1.2.0
286 silly decomposeActions test grunt-cli@1.2.0
287 silly decomposeActions preinstall grunt-cli@1.2.0
288 silly decomposeActions build grunt-cli@1.2.0
289 silly decomposeActions install grunt-cli@1.2.0
290 silly decomposeActions postinstall grunt-cli@1.2.0
291 silly decomposeActions finalize grunt-cli@1.2.0
292 silly decomposeActions fetch js-yaml@3.5.5
293 silly decomposeActions extract js-yaml@3.5.5
294 silly decomposeActions test js-yaml@3.5.5
295 silly decomposeActions preinstall js-yaml@3.5.5
296 silly decomposeActions build js-yaml@3.5.5
297 silly decomposeActions install js-yaml@3.5.5
298 silly decomposeActions postinstall js-yaml@3.5.5
299 silly decomposeActions finalize js-yaml@3.5.5
300 silly decomposeActions fetch grunt@1.0.1
301 silly decomposeActions extract grunt@1.0.1
302 silly decomposeActions test grunt@1.0.1
303 silly decomposeActions preinstall grunt@1.0.1
304 silly decomposeActions build grunt@1.0.1
305 silly decomposeActions install grunt@1.0.1
306 silly decomposeActions postinstall grunt@1.0.1
307 silly decomposeActions finalize grunt@1.0.1
308 silly runTopLevelLifecycles Starting
309 silly executeActions Starting
310 silly install executeActions
311 silly doSerial global-install 0
312 silly doParallel fetch 6
313 verbose correctMkdir /home/vagrant/.npm/_locks correctMkdir not in flight; initializing
314 verbose lock using /home/vagrant/.npm/_locks/staging-066a3c6938a29af6.lock for /vagrant/my-recipes-book/node_modules/.staging
315 silly doParallel extract 6
316 silly extract esprima@2.7.3
317 silly extract minimist@0.0.8
318 silly extract mkdirp@0.5.1
319 silly extract grunt-cli@1.2.0
320 silly extract js-yaml@3.5.5
321 silly extract grunt@1.0.1
322 verbose unbuild node_modules/.staging/minimist-a577c82a
323 verbose unbuild node_modules/.staging/esprima-a7e4f0e3
324 verbose unbuild node_modules/.staging/mkdirp-49a78552
325 verbose unbuild node_modules/.staging/grunt-cli-30b23d78
326 verbose unbuild node_modules/.staging/js-yaml-e7c9c6b4
327 verbose unbuild node_modules/.staging/grunt-378d1119
328 silly gentlyRm /vagrant/my-recipes-book/node_modules/.staging/minimist-a577c82a is being purged from base /vagrant/my-recipes-book
329 verbose gentlyRm don't care about contents; nuking /vagrant/my-recipes-book/node_modules/.staging/minimist-a577c82a
330 silly gentlyRm /vagrant/my-recipes-book/node_modules/.staging/esprima-a7e4f0e3 is being purged from base /vagrant/my-recipes-book
331 verbose gentlyRm don't care about contents; nuking /vagrant/my-recipes-book/node_modules/.staging/esprima-a7e4f0e3
332 silly gentlyRm /vagrant/my-recipes-book/node_modules/.staging/mkdirp-49a78552 is being purged from base /vagrant/my-recipes-book
333 verbose gentlyRm don't care about contents; nuking /vagrant/my-recipes-book/node_modules/.staging/mkdirp-49a78552
334 verbose tar unpack /home/vagrant/.npm/minimist/0.0.8/package.tgz
335 verbose tar unpacking to /vagrant/my-recipes-book/node_modules/.staging/minimist-a577c82a
336 silly gentlyRm /vagrant/my-recipes-book/node_modules/.staging/minimist-a577c82a is being purged
337 verbose gentlyRm don't care about contents; nuking /vagrant/my-recipes-book/node_modules/.staging/minimist-a577c82a
338 silly gentlyRm /vagrant/my-recipes-book/node_modules/.staging/grunt-cli-30b23d78 is being purged from base /vagrant/my-recipes-book
339 verbose gentlyRm don't care about contents; nuking /vagrant/my-recipes-book/node_modules/.staging/grunt-cli-30b23d78
340 verbose tar unpack /home/vagrant/.npm/mkdirp/0.5.1/package.tgz
341 verbose tar unpacking to /vagrant/my-recipes-book/node_modules/.staging/mkdirp-49a78552
342 silly gentlyRm /vagrant/my-recipes-book/node_modules/.staging/mkdirp-49a78552 is being purged
343 verbose gentlyRm don't care about contents; nuking /vagrant/my-recipes-book/node_modules/.staging/mkdirp-49a78552
344 silly gentlyRm /vagrant/my-recipes-book/node_modules/.staging/grunt-378d1119 is being purged from base /vagrant/my-recipes-book
345 verbose gentlyRm don't care about contents; nuking /vagrant/my-recipes-book/node_modules/.staging/grunt-378d1119
346 silly gentlyRm /vagrant/my-recipes-book/node_modules/.staging/js-yaml-e7c9c6b4 is being purged from base /vagrant/my-recipes-book
347 verbose gentlyRm don't care about contents; nuking /vagrant/my-recipes-book/node_modules/.staging/js-yaml-e7c9c6b4
348 verbose tar unpack /home/vagrant/.npm/esprima/2.7.3/package.tgz
349 verbose tar unpacking to /vagrant/my-recipes-book/node_modules/.staging/esprima-a7e4f0e3
350 silly gentlyRm /vagrant/my-recipes-book/node_modules/.staging/esprima-a7e4f0e3 is being purged
351 verbose gentlyRm don't care about contents; nuking /vagrant/my-recipes-book/node_modules/.staging/esprima-a7e4f0e3
352 verbose tar unpack /home/vagrant/.npm/grunt-cli/1.2.0/package.tgz
353 verbose tar unpacking to /vagrant/my-recipes-book/node_modules/.staging/grunt-cli-30b23d78
354 silly gentlyRm /vagrant/my-recipes-book/node_modules/.staging/grunt-cli-30b23d78 is being purged
355 verbose gentlyRm don't care about contents; nuking /vagrant/my-recipes-book/node_modules/.staging/grunt-cli-30b23d78
356 silly gunzTarPerm modes [ '755', '644' ]
357 silly gunzTarPerm modes [ '755', '644' ]
358 verbose tar unpack /home/vagrant/.npm/grunt/1.0.1/package.tgz
359 verbose tar unpacking to /vagrant/my-recipes-book/node_modules/.staging/grunt-378d1119
360 silly gentlyRm /vagrant/my-recipes-book/node_modules/.staging/grunt-378d1119 is being purged
361 verbose gentlyRm don't care about contents; nuking /vagrant/my-recipes-book/node_modules/.staging/grunt-378d1119
362 verbose tar unpack /home/vagrant/.npm/js-yaml/3.5.5/package.tgz
363 verbose tar unpacking to /vagrant/my-recipes-book/node_modules/.staging/js-yaml-e7c9c6b4
364 silly gentlyRm /vagrant/my-recipes-book/node_modules/.staging/js-yaml-e7c9c6b4 is being purged
365 verbose gentlyRm don't care about contents; nuking /vagrant/my-recipes-book/node_modules/.staging/js-yaml-e7c9c6b4
366 silly gunzTarPerm modes [ '755', '644' ]
367 silly gunzTarPerm modes [ '755', '644' ]
368 silly gunzTarPerm modes [ '755', '644' ]
369 silly gunzTarPerm modes [ '755', '644' ]
370 silly gunzTarPerm extractEntry package.json
371 silly gunzTarPerm extractEntry package.json
372 silly gunzTarPerm extractEntry package.json
373 silly gunzTarPerm extractEntry package.json
374 silly gunzTarPerm extractEntry package.json
375 silly gunzTarPerm extractEntry package.json
376 silly gunzTarPerm modified mode [ 'package.json', 436, 420 ]
377 silly gunzTarPerm extractEntry README.md
378 silly gunzTarPerm extractEntry LICENSE
379 silly gunzTarPerm extractEntry README.md
380 silly gunzTarPerm extractEntry esprima.js
381 silly gunzTarPerm extractEntry LICENSE
382 silly gunzTarPerm extractEntry index.js
383 silly gunzTarPerm extractEntry README.md
384 silly gunzTarPerm extractEntry CHANGELOG.md
385 silly gunzTarPerm extractEntry LICENSE
386 silly gunzTarPerm extractEntry index.js
387 silly gunzTarPerm extractEntry README.md
388 silly gunzTarPerm modified mode [ 'README.md', 436, 420 ]
389 silly gunzTarPerm extractEntry LICENSE
390 silly gunzTarPerm modified mode [ 'LICENSE', 436, 420 ]
391 silly gunzTarPerm extractEntry CHANGELOG
392 silly gunzTarPerm extractEntry bin/grunt
393 silly gunzTarPerm extractEntry .travis.yml
394 silly gunzTarPerm extractEntry example/parse.js
395 silly gunzTarPerm extractEntry ChangeLog
396 silly gunzTarPerm extractEntry bin/grunt
397 silly gunzTarPerm extractEntry completion/bash
398 silly gunzTarPerm extractEntry index.js
399 silly gunzTarPerm modified mode [ 'index.js', 436, 420 ]
400 silly gunzTarPerm extractEntry bin/js-yaml.js
401 silly gunzTarPerm modified mode [ 'bin/js-yaml.js', 509, 493 ]
402 silly gunzTarPerm extractEntry .travis.yml
403 silly gunzTarPerm extractEntry bin/cmd.js
404 silly gunzTarPerm extractEntry LICENSE.BSD
405 silly gunzTarPerm extractEntry bin/esparse.js
406 silly gunzTarPerm extractEntry bin/esvalidate.js
407 silly gunzTarPerm extractEntry readme.markdown
408 silly gunzTarPerm extractEntry test/dash.js
409 silly gunzTarPerm extractEntry lib/grunt.js
410 silly gunzTarPerm extractEntry lib/grunt/cli.js
411 silly gunzTarPerm extractEntry lib/grunt/config.js
412 silly gunzTarPerm extractEntry lib/grunt/event.js
413 silly gunzTarPerm extractEntry lib/grunt/fail.js
414 silly gunzTarPerm extractEntry lib/grunt/file.js
415 silly gunzTarPerm extractEntry lib/grunt/help.js
416 silly gunzTarPerm extractEntry lib/grunt/option.js
417 silly gunzTarPerm extractEntry lib/grunt/task.js
418 silly gunzTarPerm extractEntry lib/grunt/template.js
419 silly gunzTarPerm extractEntry lib/util/task.js
420 silly gunzTarPerm extractEntry CHANGELOG.md
421 silly gunzTarPerm modified mode [ 'CHANGELOG.md', 436, 420 ]
422 silly gunzTarPerm extractEntry completion/zsh
423 silly gunzTarPerm extractEntry lib/cli.js
424 silly gunzTarPerm extractEntry bin/usage.txt
425 silly gunzTarPerm extractEntry examples/pow.js
426 silly gunzTarPerm extractEntry test/default_bool.js
427 silly gunzTarPerm extractEntry test/dotted.js
428 silly gunzTarPerm extractEntry test/long.js
429 silly gunzTarPerm extractEntry test/parse.js
430 silly gunzTarPerm extractEntry test/parse_modified.js
431 silly gunzTarPerm extractEntry test/short.js
432 silly gunzTarPerm extractEntry test/whitespace.js
433 silly gunzTarPerm extractEntry dist/js-yaml.js
434 silly gunzTarPerm modified mode [ 'dist/js-yaml.js', 436, 420 ]
435 silly gunzTarPerm extractEntry dist/js-yaml.min.js
436 silly gunzTarPerm modified mode [ 'dist/js-yaml.min.js', 436, 420 ]
437 silly gunzTarPerm extractEntry lib/completion.js
438 silly gunzTarPerm extractEntry lib/info.js
439 silly gunzTarPerm extractEntry readme.markdown
440 silly gunzTarPerm extractEntry test/chmod.js
441 silly gunzTarPerm extractEntry lib/js-yaml.js
442 silly gunzTarPerm modified mode [ 'lib/js-yaml.js', 436, 420 ]
443 silly gunzTarPerm extractEntry lib/js-yaml/common.js
444 silly gunzTarPerm modified mode [ 'lib/js-yaml/common.js', 436, 420 ]
445 silly gunzTarPerm extractEntry test/opts_fs_sync.js
446 silly gunzTarPerm extractEntry lib/js-yaml/dumper.js
447 silly gunzTarPerm modified mode [ 'lib/js-yaml/dumper.js', 436, 420 ]
448 silly gunzTarPerm extractEntry lib/js-yaml/exception.js
449 silly gunzTarPerm modified mode [ 'lib/js-yaml/exception.js', 438, 420 ]
450 silly gunzTarPerm extractEntry test/perm.js
451 silly gunzTarPerm extractEntry test/perm_sync.js
452 silly gunzTarPerm extractEntry lib/js-yaml/loader.js
453 silly gunzTarPerm modified mode [ 'lib/js-yaml/loader.js', 436, 420 ]
454 silly gunzTarPerm extractEntry lib/js-yaml/mark.js
455 silly gunzTarPerm modified mode [ 'lib/js-yaml/mark.js', 436, 420 ]
456 silly gunzTarPerm extractEntry lib/js-yaml/schema.js
457 silly gunzTarPerm modified mode [ 'lib/js-yaml/schema.js', 436, 420 ]
458 silly gunzTarPerm extractEntry lib/js-yaml/type.js
459 silly gunzTarPerm modified mode [ 'lib/js-yaml/type.js', 436, 420 ]
460 silly gunzTarPerm extractEntry lib/js-yaml/schema/core.js
461 silly gunzTarPerm modified mode [ 'lib/js-yaml/schema/core.js', 436, 420 ]
462 silly gunzTarPerm extractEntry test/opts_fs.js
463 silly gunzTarPerm extractEntry test/rel.js
464 silly gunzTarPerm extractEntry lib/js-yaml/schema/default_full.js
465 silly gunzTarPerm modified mode [ 'lib/js-yaml/schema/default_full.js', 436, 420 ]
466 silly gunzTarPerm extractEntry lib/js-yaml/schema/default_safe.js
467 silly gunzTarPerm modified mode [ 'lib/js-yaml/schema/default_safe.js', 436, 420 ]
468 silly gunzTarPerm extractEntry lib/js-yaml/schema/failsafe.js
469 silly gunzTarPerm modified mode [ 'lib/js-yaml/schema/failsafe.js', 436, 420 ]
470 silly gunzTarPerm extractEntry lib/js-yaml/schema/json.js
471 silly gunzTarPerm modified mode [ 'lib/js-yaml/schema/json.js', 436, 420 ]
472 silly gunzTarPerm extractEntry test/return.js
473 silly gunzTarPerm extractEntry test/return_sync.js
474 silly gunzTarPerm extractEntry test/root.js
475 silly gunzTarPerm extractEntry test/sync.js
476 silly gunzTarPerm extractEntry lib/js-yaml/type/binary.js
477 silly gunzTarPerm modified mode [ 'lib/js-yaml/type/binary.js', 436, 420 ]
478 silly gunzTarPerm extractEntry lib/js-yaml/type/int.js
479 silly gunzTarPerm modified mode [ 'lib/js-yaml/type/int.js', 436, 420 ]
480 silly gunzTarPerm extractEntry lib/js-yaml/type/str.js
481 silly gunzTarPerm modified mode [ 'lib/js-yaml/type/str.js', 436, 420 ]
482 silly gunzTarPerm extractEntry lib/js-yaml/type/map.js
483 silly gunzTarPerm modified mode [ 'lib/js-yaml/type/map.js', 436, 420 ]
484 silly gunzTarPerm extractEntry lib/js-yaml/type/float.js
485 silly gunzTarPerm modified mode [ 'lib/js-yaml/type/float.js', 436, 420 ]
486 silly gunzTarPerm extractEntry test/mkdirp.js
487 silly gunzTarPerm extractEntry test/umask.js
488 silly gunzTarPerm extractEntry lib/js-yaml/type/bool.js
489 silly gunzTarPerm modified mode [ 'lib/js-yaml/type/bool.js', 436, 420 ]
490 silly gunzTarPerm extractEntry lib/js-yaml/type/omap.js
491 silly gunzTarPerm modified mode [ 'lib/js-yaml/type/omap.js', 436, 420 ]
492 silly gunzTarPerm extractEntry lib/js-yaml/type/pairs.js
493 silly gunzTarPerm modified mode [ 'lib/js-yaml/type/pairs.js', 436, 420 ]
494 silly gunzTarPerm extractEntry lib/js-yaml/type/seq.js
495 silly gunzTarPerm modified mode [ 'lib/js-yaml/type/seq.js', 436, 420 ]
496 silly gunzTarPerm extractEntry lib/js-yaml/type/set.js
497 silly gunzTarPerm modified mode [ 'lib/js-yaml/type/set.js', 436, 420 ]
498 silly gunzTarPerm extractEntry lib/js-yaml/type/merge.js
499 silly gunzTarPerm modified mode [ 'lib/js-yaml/type/merge.js', 436, 420 ]
500 silly gunzTarPerm extractEntry lib/js-yaml/type/timestamp.js
501 silly gunzTarPerm modified mode [ 'lib/js-yaml/type/timestamp.js', 436, 420 ]
502 silly gunzTarPerm extractEntry lib/js-yaml/type/null.js
503 silly gunzTarPerm modified mode [ 'lib/js-yaml/type/null.js', 436, 420 ]
504 silly gunzTarPerm extractEntry lib/js-yaml/type/js/function.js
505 silly gunzTarPerm modified mode [ 'lib/js-yaml/type/js/function.js', 436, 420 ]
506 silly gunzTarPerm extractEntry lib/js-yaml/type/js/regexp.js
507 silly gunzTarPerm modified mode [ 'lib/js-yaml/type/js/regexp.js', 436, 420 ]
508 silly gunzTarPerm extractEntry lib/js-yaml/type/js/undefined.js
509 silly gunzTarPerm modified mode [ 'lib/js-yaml/type/js/undefined.js', 436, 420 ]
510 silly gentlyRm /vagrant/my-recipes-book/node_modules/.staging/esprima-a7e4f0e3/node_modules is being purged
511 verbose gentlyRm don't care about contents; nuking /vagrant/my-recipes-book/node_modules/.staging/esprima-a7e4f0e3/node_modules
512 silly gunzTarPerm extractEntry test/clobber.js
513 silly gunzTarPerm extractEntry test/umask_sync.js
514 silly gentlyRm /vagrant/my-recipes-book/node_modules/.staging/grunt-cli-30b23d78/node_modules is being purged
515 verbose gentlyRm don't care about contents; nuking /vagrant/my-recipes-book/node_modules/.staging/grunt-cli-30b23d78/node_modules
516 silly gunzTarPerm extractEntry test/race.js
517 silly gentlyRm /vagrant/my-recipes-book/node_modules/.staging/minimist-a577c82a/node_modules is being purged
518 verbose gentlyRm don't care about contents; nuking /vagrant/my-recipes-book/node_modules/.staging/minimist-a577c82a/node_modules
519 silly gentlyRm /vagrant/my-recipes-book/node_modules/.staging/grunt-378d1119/node_modules is being purged
520 verbose gentlyRm don't care about contents; nuking /vagrant/my-recipes-book/node_modules/.staging/grunt-378d1119/node_modules
521 silly gentlyRm /vagrant/my-recipes-book/node_modules/.staging/mkdirp-49a78552/node_modules is being purged
522 verbose gentlyRm don't care about contents; nuking /vagrant/my-recipes-book/node_modules/.staging/mkdirp-49a78552/node_modules
523 silly gentlyRm /vagrant/my-recipes-book/node_modules/.staging/js-yaml-e7c9c6b4/node_modules is being purged
524 verbose gentlyRm don't care about contents; nuking /vagrant/my-recipes-book/node_modules/.staging/js-yaml-e7c9c6b4/node_modules
525 silly doParallel preinstall 6
526 silly preinstall esprima@2.7.3 /vagrant/my-recipes-book/node_modules/.staging/esprima-a7e4f0e3
527 info lifecycle esprima@2.7.3~preinstall: esprima@2.7.3
528 silly preinstall minimist@0.0.8 /vagrant/my-recipes-book/node_modules/.staging/minimist-a577c82a
529 info lifecycle minimist@0.0.8~preinstall: minimist@0.0.8
530 silly preinstall mkdirp@0.5.1 /vagrant/my-recipes-book/node_modules/.staging/mkdirp-49a78552
531 info lifecycle mkdirp@0.5.1~preinstall: mkdirp@0.5.1
532 silly preinstall grunt-cli@1.2.0 /vagrant/my-recipes-book/node_modules/.staging/grunt-cli-30b23d78
533 info lifecycle grunt-cli@1.2.0~preinstall: grunt-cli@1.2.0
534 silly preinstall js-yaml@3.5.5 /vagrant/my-recipes-book/node_modules/.staging/js-yaml-e7c9c6b4
535 info lifecycle js-yaml@3.5.5~preinstall: js-yaml@3.5.5
536 silly preinstall grunt@1.0.1 /vagrant/my-recipes-book/node_modules/.staging/grunt-378d1119
537 info lifecycle grunt@1.0.1~preinstall: grunt@1.0.1
538 silly lifecycle esprima@2.7.3~preinstall: no script for preinstall, continuing
539 silly lifecycle minimist@0.0.8~preinstall: no script for preinstall, continuing
540 silly lifecycle mkdirp@0.5.1~preinstall: no script for preinstall, continuing
541 silly lifecycle grunt-cli@1.2.0~preinstall: no script for preinstall, continuing
542 silly lifecycle js-yaml@3.5.5~preinstall: no script for preinstall, continuing
543 silly lifecycle grunt@1.0.1~preinstall: no script for preinstall, continuing
544 silly doReverseSerial remove 0
545 silly doSerial move 0
546 silly doSerial finalize 6
547 silly finalize /vagrant/my-recipes-book/node_modules/esprima
548 silly finalize /vagrant/my-recipes-book/node_modules/mkdirp/node_modules/minimist
549 silly finalize /vagrant/my-recipes-book/node_modules/mkdirp
550 silly finalize /vagrant/my-recipes-book/node_modules/grunt/node_modules/grunt-cli
551 silly finalize /vagrant/my-recipes-book/node_modules/js-yaml
552 silly finalize /vagrant/my-recipes-book/node_modules/grunt
553 silly doSerial build 6
554 silly build esprima@2.7.3
555 info linkStuff esprima@2.7.3
556 silly linkStuff esprima@2.7.3 has /vagrant/my-recipes-book/node_modules as its parent node_modules
557 verbose linkBins esprima@2.7.3
558 verbose link bins [ { esparse: './bin/esparse.js',
558 verbose link bins     esvalidate: './bin/esvalidate.js' },
558 verbose link bins   '/vagrant/my-recipes-book/node_modules/.bin',
558 verbose link bins   false ]
559 verbose linkMans esprima@2.7.3
560 silly gentlyRm /vagrant/my-recipes-book/node_modules/.bin/esvalidate is being purged
561 verbose gentlyRm don't care about contents; nuking /vagrant/my-recipes-book/node_modules/.bin/esvalidate
562 silly gentlyRm /vagrant/my-recipes-book/node_modules/.bin/esparse is being purged
563 verbose gentlyRm don't care about contents; nuking /vagrant/my-recipes-book/node_modules/.bin/esparse
564 verbose unlock done using /home/vagrant/.npm/_locks/staging-066a3c6938a29af6.lock for /vagrant/my-recipes-book/node_modules/.staging
565 silly rollbackFailedOptional Starting
566 silly rollbackFailedOptional Finishing
567 silly runTopLevelLifecycles Finishing
568 silly install printInstalled
569 verbose stack Error: EPROTO: protocol error, symlink '../esprima/bin/esvalidate.js' -> '/vagrant/my-recipes-book/node_modules/.bin/esvalidate'
570 verbose cwd /vagrant/my-recipes-book
571 error Linux 3.2.0-23-generic-pae
572 error argv "/usr/local/bin/node" "/usr/local/bin/npm" "install" "grunt"
573 error node v7.2.0
574 error npm  v3.10.9
575 error path ../esprima/bin/esvalidate.js
576 error code EPROTO
577 error errno -71
578 error syscall symlink
579 error EPROTO: protocol error, symlink '../esprima/bin/esvalidate.js' -> '/vagrant/my-recipes-book/node_modules/.bin/esvalidate'
580 error If you need help, you may report this error at:
580 error     <https://github.com/npm/npm/issues>
581 verbose exit [ -71, true ]
